<?xml version="1.0" encoding="UTF-8"?>
<testsuite name="org.example.TestCase1" tests="1" skipped="0" failures="0" errors="0" timestamp="2024-09-04T17:55:00" hostname="indianrenterss-MacBook-Pro.local" time="39.029">
  <properties/>
  <testcase name="testcase1" classname="org.example.TestCase1" time="39.029"/>
  <system-out><![CDATA[Initializing the driver
]]></system-out>
  <system-err><![CDATA[Sep 04, 2024 11:25:01 PM org.openqa.selenium.devtools.CdpVersionFinder findNearestMatch
WARNING: Unable to find CDP implementation matching 128
Sep 04, 2024 11:25:01 PM org.openqa.selenium.chromium.ChromiumDriver lambda$new$5
WARNING: Unable to find version of CDP to use for 128.0.6613.114. You may need to include a dependency on a specific version of the CDP using something similar to `org.seleniumhq.selenium:selenium-devtools-v86:4.19.1` where the version ("v86") matches the version of the chromium-based browser you're using and the version number of the artifact is the same as Selenium's.
]]></system-err>
</testsuite>
