<?xml version="1.0" encoding="UTF-8"?>
<testsuite name="org.example.TestCase2" tests="1" skipped="0" failures="0" errors="0" timestamp="2024-10-23T11:25:28" hostname="indianrterssMBP.lan" time="51.69">
  <properties/>
  <testcase name="testcase2" classname="org.example.TestCase2" time="51.69"/>
  <system-out><![CDATA[Initializing the driver
]]></system-out>
  <system-err><![CDATA[Oct 23, 2024 4:55:29 PM org.openqa.selenium.devtools.CdpVersionFinder findNearestMatch
WARNING: Unable to find CDP implementation matching 130
Oct 23, 2024 4:55:29 PM org.openqa.selenium.chromium.ChromiumDriver lambda$new$5
WARNING: Unable to find version of CDP to use for 130.0.6723.59. You may need to include a dependency on a specific version of the CDP using something similar to `org.seleniumhq.selenium:selenium-devtools-v86:4.19.1` where the version ("v86") matches the version of the chromium-based browser you're using and the version number of the artifact is the same as Selenium's.
]]></system-err>
</testsuite>
